<?xml version="1.0" encoding="UTF-8"?>
<!-- Generated by org.testng.reporters.JUnitXMLReporter -->
<testsuite ignored="4" hostname="D-L18-G" failures="0" tests="1" name="Default test" time="0.117" errors="0" timestamp="2024-07-29T18:30:49 IST">
  <testcase classname="stringPrograms.Regex1" name="Five" time="0.019"/>
  <testcase classname="stringPrograms.Regex1" name="Three" time="0.0">
    <ignored/>
  </testcase> <!-- Three -->
  <testcase classname="stringPrograms.Regex1" name="Four" time="0.0">
    <ignored/>
  </testcase> <!-- Four -->
  <testcase classname="stringPrograms.Regex1" name="One" time="0.0">
    <ignored/>
  </testcase> <!-- One -->
  <testcase classname="stringPrograms.Regex1" name="Two" time="0.0">
    <ignored/>
  </testcase> <!-- Two -->
</testsuite> <!-- Default test -->
