<?xml version="1.0" encoding="UTF-8"?>
<testng-results ignored="0" total="1" passed="1" failed="0" skipped="0">
  <reporter-output>
  </reporter-output>
  <suite started-at="2024-07-17T17:11:35 IST" name="Default suite" finished-at="2024-07-17T17:11:35 IST" duration-ms="95">
    <groups>
    </groups>
    <test started-at="2024-07-17T17:11:35 IST" name="Default test" finished-at="2024-07-17T17:11:35 IST" duration-ms="95">
      <class name="arrayPrograms.MissingNumberInAnArray">
        <test-method signature="missingNumber()[pri:0, instance:arrayPrograms.MissingNumberInAnArray@1aa7ecca]" started-at="2024-07-17T17:11:35 IST" name="missingNumber" finished-at="2024-07-17T17:11:35 IST" duration-ms="17" status="PASS">
          <reporter-output>
          </reporter-output>
        </test-method> <!-- missingNumber -->
      </class> <!-- arrayPrograms.MissingNumberInAnArray -->
    </test> <!-- Default test -->
  </suite> <!-- Default suite -->
</testng-results>
