<?xml version="1.0" encoding="UTF-8"?>
<testng-results ignored="0" total="1" passed="1" failed="0" skipped="0">
  <reporter-output>
  </reporter-output>
  <suite started-at="2024-07-29T18:30:49 IST" name="Default suite" finished-at="2024-07-29T18:30:49 IST" duration-ms="117">
    <groups>
    </groups>
    <test started-at="2024-07-29T18:30:49 IST" name="Default test" finished-at="2024-07-29T18:30:49 IST" duration-ms="117">
      <class name="stringPrograms.Regex1">
        <test-method signature="Five()[pri:0, instance:stringPrograms.Regex1@1de5f259]" started-at="2024-07-29T18:30:49 IST" name="Five" finished-at="2024-07-29T18:30:49 IST" duration-ms="19" status="PASS">
          <reporter-output>
          </reporter-output>
        </test-method> <!-- Five -->
      </class> <!-- stringPrograms.Regex1 -->
    </test> <!-- Default test -->
  </suite> <!-- Default suite -->
</testng-results>
